2020-12-14 02:02:07,451 : INFO : test_06_login : ***********Test_My Garage **********
2020-12-14 02:02:07,452 : INFO : test_06_login : ******* test_06_login    ******
2020-12-14 02:02:10,684 : INFO : test_06_login : **********logged in***********
2020-12-14 02:02:10,704 : INFO : test_07_compare_watch_list : ***************test compare watch list************
2020-12-14 02:02:10,705 : INFO : test_07_compare_watch_list : ************test 07 compare ***********
2020-12-14 02:02:20,377 : INFO : test_07_compare_watch_list : [['Diesel', 'Grey', '2016 (66)', '20,834 miles'], ['Petrol', 'Grey', '2016 (66)', '34,075 miles'], ['Petrol', 'White', '2017 (67)', '23,240 miles']]
2020-12-14 02:02:20,379 : INFO : test_07_compare_watch_list : [['Petrol', 'Grey', '2016 (66)', '34,075 miles'], ['Petrol', 'White', '2017 (67)', '23,240 miles'], ['Diesel', 'Grey', '2016 (66)', '20,834 miles']]
2020-12-14 02:02:20,379 : INFO : test_07_compare_watch_list : *******expected watch list match actual watch list*********
2020-12-14 02:04:40,820 : INFO : test_06_login : ***********Test_My Garage **********
2020-12-14 02:04:40,822 : INFO : test_06_login : ******* test_06_login    ******
2020-12-14 02:04:46,955 : INFO : test_06_login : **********logged in***********
2020-12-14 02:04:46,973 : INFO : test_07_compare_watch_list : ***************test compare watch list************
2020-12-14 02:04:46,974 : INFO : test_07_compare_watch_list : ************test 07 compare ***********
2020-12-14 02:04:53,328 : INFO : test_07_compare_watch_list : [['Diesel', 'Grey', '2016 (66)', '20,834 miles'], ['Petrol', 'Grey', '2016 (66)', '34,075 miles'], ['Petrol', 'White', '2017 (67)', '23,240 miles']]
2020-12-14 02:04:53,330 : INFO : test_07_compare_watch_list : [['Petrol', 'Grey', '2016 (66)', '34,075 miles'], ['Petrol', 'White', '2017 (67)', '23,240 miles'], ['Diesel', 'Grey', '2016 (66)', '20,834 miles']]
2020-12-14 02:04:53,330 : INFO : test_07_compare_watch_list : *******expected watch list match actual watches list*********
2020-12-14 02:06:45,721 : INFO : test_06_login : ***********Test_My Garage **********
2020-12-14 02:06:45,722 : INFO : test_06_login : ******* test_06_login    ******
2020-12-14 02:06:52,983 : INFO : test_06_login : **********logged in***********
2020-12-14 02:06:53,000 : INFO : test_07_compare_watch_list : ***************test compare watch list************
2020-12-14 02:06:53,000 : INFO : test_07_compare_watch_list : ************test 07 compare ***********
2020-12-14 02:06:59,397 : INFO : test_07_compare_watch_list : [['Diesel', 'Grey', '2016 (66)', '20,834 miles'], ['Petrol', 'Grey', '2016 (66)', '34,075 miles'], ['Petrol', 'White', '2017 (67)', '23,240 miles']]
2020-12-14 02:06:59,398 : INFO : test_07_compare_watch_list : [['Petrol', 'Grey', '2016 (66)', '34,075 miles'], ['Petrol', 'White', '2017 (67)', '23,240 miles'], ['Diesel', 'Grey', '2016 (66)', '20,834 miles']]
2020-12-14 02:06:59,399 : INFO : test_07_compare_watch_list : *******expected watch list match actual watches list*********
